<?xml version="1.0" encoding="UTF-8"?>
<!-- Generated by org.testng.reporters.JUnitXMLReporter -->
<testsuite ignored="0" hostname="DESKTOP-KOT29CH" failures="0" tests="3" name="Default test" time="46.466" errors="0" timestamp="2024-05-21T00:10:58 IST">
  <testcase classname="orange.hRM.tests.Authorization" name="validLogin" time="12.644"/>
  <testcase classname="orange.hRM.tests.Authorization" name="invalidUsername" time="3.45"/>
  <testcase classname="orange.hRM.tests.Authorization" name="invalidUsername" time="3.84"/>
</testsuite> <!-- Default test -->
