<?xml version="1.0" encoding="UTF-8"?>
<!-- Generated by org.testng.reporters.JUnitXMLReporter -->
<testsuite ignored="0" hostname="DESKTOP-KOT29CH" failures="0" tests="4" name="Autentication Test" time="91.481" errors="0" timestamp="2024-05-25T01:10:09 IST">
  <testcase classname="orange.hRM.tests.Authorization" name="validLogin" time="17.267"/>
  <testcase classname="orange.hRM.tests.Authorization" name="invalidUsername" time="3.265"/>
  <testcase classname="orange.hRM.tests.Authorization" name="invalidUsername" time="3.563"/>
  <testcase classname="orange.hRM.tests.EmployeeManagement" name="createEmployee" time="32.527"/>
</testsuite> <!-- Autentication Test -->
